2021/03/12 11:15:31.782  [E]  [Error sending email] user receive = %v
2021/03/12 11:17:35.213  [E]  [Error sending email] user receive = %v
2021/03/12 11:19:38.039  [E]  [Error sending email] user receive = %v
2021/03/12 11:21:16.998  [E]  [Error sending email] user receive = %v
2021/03/12 11:22:00.258  [E]  [Error sending email] user receive = %v error = %v
2021/03/12 11:24:39.714  [E]  [Error sending email] user receive = %v error = %v
2021/03/12 11:26:18.345  [E]  [Error sending email] user receive = %v error = %v
2021/03/12 13:54:32.679  [I]  [Admin Login] admin login admin_id = %v
2021/03/12 13:54:57.853  [I]  [Admin Login] admin login admin_id = %s
2021/03/12 14:00:02.467  [I]  [Admin Login] admin login admin_id = %v
2021/03/12 14:02:23.498  [I]  [Admin Login] admin login admin_id = admin
2021/03/12 14:36:32.522  [I]  [Admin Login] admin login admin_id = admin
2021/03/13 12:57:26.811  [I]  [Admin Login] admin login admin_id = admin
2021/03/13 15:09:17.415  [I]  [ListenMessage] Start listen message websocket
2021/03/13 15:14:51.623  [I]  [ListenMessage] Start listen message websocket
2021/03/13 15:17:52.046  [I]  [ListenMessage] Start listen message websocket
2021/03/13 15:18:15.724  [I]  [ListenMessage] Start listen message websocket
2021/03/13 15:21:41.863  [I]  [Connect] open connection for user id = string user type = user
2021/03/13 15:21:54.943  [I]  [End Connection] end connection userID = string userType = user
2021/03/13 15:22:42.801  [I]  [ListenMessage] Start listen message websocket
2021/03/13 15:22:58.325  [I]  [Connect] open connection for user id = string user type = user
2021/03/13 15:23:37.760  [I]  [ListenMessage] Start listen message websocket
2021/03/13 15:34:12.263  [I]  [ListenMessage] Start listen message websocket
2021/03/13 15:34:59.735  [I]  [ListenMessage] Start listen message websocket
2021/03/13 15:40:58.461  [I]  [ListenMessage] Start listen message websocket
2021/03/13 15:42:20.665  [I]  [ListenMessage] Start listen message websocket
2021/03/13 15:42:24.376  [I]  [ListenMessage] Start listen message websocket
2021/03/13 15:42:36.650  [I]  [Connect] open connection for user id = string user type = user
2021/03/13 15:43:29.710  [I]  [End Connection] end connection userID = string userType = user
2021/03/13 15:44:34.256  [I]  [Connect] open connection for user id = string user type = user
2021/03/13 15:45:27.510  [I]  [End Connection] end connection userID = string userType = user
2021/03/13 15:46:16.676  [I]  [ListenMessage] Start listen message websocket
2021/03/13 15:46:29.499  [I]  [ListenMessage] Start listen message websocket
2021/03/13 15:48:36.591  [I]  [ListenMessage] Start listen message websocket
2021/03/13 15:48:42.059  [I]  [End Connection] end connection userID =  userType = 
2021/03/13 15:49:34.105  [I]  [Connect] open connection for user id = dailt user type = teacher
2021/03/13 15:49:36.433  [I]  [End Connection] end connection userID = dailt userType = teacher
2021/03/13 15:51:06.492  [I]  [ListenMessage] Start listen message websocket
2021/03/13 15:51:15.265  [I]  [Connect] open connection for user id = dailt user type = teacher
2021/03/13 15:52:05.373  [I]  [End Connection] end connection userID = dailt userType = teacher
2021/03/13 15:52:15.275  [I]  [ListenMessage] Start listen message websocket
2021/03/13 15:52:28.629  [I]  [Connect] open connection for user id = dailt user type = teacher
2021/03/13 15:53:02.645  [I]  [ListenMessage] Start listen message websocket
2021/03/13 15:58:38.368  [I]  [ListenMessage] Start listen message websocket
2021/03/13 15:58:42.149  [I]  [ListenMessage] Start listen message websocket
2021/03/13 15:58:45.876  [I]  [ListenMessage] Start listen message websocket
2021/03/13 15:58:49.650  [I]  [ListenMessage] Start listen message websocket
2021/03/13 15:59:16.592  [I]  [ListenMessage] Start listen message websocket
2021/03/13 17:07:38.453  [I]  [ListenMessage] Start listen message websocket
2021/03/13 17:08:06.793  [I]  [ListenMessage] Start listen message websocket
2021/03/13 17:09:21.248  [I]  [ListenMessage] Start listen message websocket
2021/03/13 17:13:58.773  [I]  [ListenMessage] Start listen message websocket
2021/03/13 17:34:28.447  [I]  [ListenMessage] Start listen message websocket
2021/03/13 17:34:33.759  [I]  [ListenMessage] Start listen message websocket
2021/03/13 17:40:10.600  [I]  [ListenMessage] Start listen message websocket
2021/03/13 17:40:15.086  [I]  [ListenMessage] Start listen message websocket
2021/03/13 17:40:22.168  [I]  [ListenMessage] Start listen message websocket
2021/03/13 17:40:26.827  [I]  [ListenMessage] Start listen message websocket
2021/03/13 17:40:30.844  [I]  [ListenMessage] Start listen message websocket
2021/03/13 17:44:36.395  [I]  [ListenMessage] Start listen message websocket
2021/03/13 17:44:40.850  [I]  [ListenMessage] Start listen message websocket
2021/03/13 17:44:47.315  [I]  [ListenMessage] Start listen message websocket
2021/03/13 17:44:51.817  [I]  [ListenMessage] Start listen message websocket
2021/03/13 17:51:10.989  [I]  [ListenMessage] Start listen message websocket
2021/03/13 17:53:18.586  [I]  [ListenMessage] Start listen message websocket
2021/03/13 17:53:34.277  [I]  [ListenMessage] Start listen message websocket
2021/03/13 17:53:46.214  [I]  [ListenMessage] Start listen message websocket
2021/03/13 17:58:45.869  [I]  [ListenMessage] Start listen message websocket
2021/03/13 17:58:49.816  [I]  [ListenMessage] Start listen message websocket
2021/03/13 17:58:53.746  [I]  [ListenMessage] Start listen message websocket
2021/03/13 18:00:16.333  [I]  [ListenMessage] Start listen message websocket
2021/03/13 18:00:20.373  [I]  [ListenMessage] Start listen message websocket
2021/03/13 19:17:39.641  [I]  [ListenMessage] Start listen message websocket
2021/03/13 19:17:54.263  [I]  [ListenMessage] Start listen message websocket
2021/03/13 19:21:45.436  [I]  [ListenMessage] Start listen message websocket
2021/03/13 19:24:16.693  [I]  [ListenMessage] Start listen message websocket
2021/03/13 19:25:30.942  [I]  [ListenMessage] Start listen message websocket
2021/03/13 19:35:01.156  [I]  [ListenMessage] Start listen message websocket
2021/03/13 19:35:05.294  [I]  [ListenMessage] Start listen message websocket
2021/03/13 19:35:09.106  [I]  [ListenMessage] Start listen message websocket
2021/03/13 19:35:13.076  [I]  [ListenMessage] Start listen message websocket
2021/03/13 19:35:16.841  [I]  [ListenMessage] Start listen message websocket
2021/03/13 19:35:20.946  [I]  [ListenMessage] Start listen message websocket
2021/03/13 19:47:27.376  [I]  [ListenMessage] Start listen message websocket
2021/03/13 19:47:31.020  [I]  [ListenMessage] Start listen message websocket
2021/03/13 19:50:34.175  [I]  [ListenMessage] Start listen message websocket
2021/03/13 19:50:48.164  [I]  [ListenMessage] Start listen message websocket
2021/03/13 19:51:16.780  [I]  [ListenMessage] Start listen message websocket
2021/03/13 19:51:44.150  [I]  [ListenMessage] Start listen message websocket
2021/03/13 19:52:05.402  [I]  [ListenMessage] Start listen message websocket
2021/03/13 19:52:27.000  [I]  [ListenMessage] Start listen message websocket
2021/03/13 19:53:05.463  [I]  [ListenMessage] Start listen message websocket
2021/03/15 16:17:56.709  [I]  [ListenMessage] Start listen message websocket
2021/03/15 16:28:03.449  [I]  [ListenMessage] Start listen message websocket
2021/03/15 16:29:32.069  [I]  [Admin Login] admin login admin_id = admin
2021/03/16 12:49:45.940  [I]  [ListenMessage] Start listen message websocket
2021/04/01 00:04:25.016  [I]  [ListenMessage] Start listen message websocket
2021/04/01 00:05:30.765  [I]  [ListenMessage] Start listen message websocket
2021/04/01 00:05:37.376  [I]  [ListenMessage] Start listen message websocket
2021/04/01 00:06:06.641  [I]  [ListenMessage] Start listen message websocket
2021/04/06 09:24:58.007  [I]  [ListenMessage] Start listen message websocket
2021/04/06 10:03:33.344  [I]  [ListenMessage] Start listen message websocket
2021/04/06 10:33:38.679  [I]  [ListenMessage] Start listen message websocket
2021/04/06 10:33:56.567  [I]  [ListenMessage] Start listen message websocket
2021/04/06 10:34:32.639  [I]  [ListenMessage] Start listen message websocket
2021/04/06 10:35:15.490  [I]  [ListenMessage] Start listen message websocket
2021/04/06 10:39:20.143  [I]  [ListenMessage] Start listen message websocket
2021/04/06 10:39:23.751  [I]  [ListenMessage] Start listen message websocket
2021/04/06 10:39:28.673  [I]  [Admin Login] admin login admin_id = admin
2021/04/06 10:41:35.055  [I]  [Admin Login] admin login admin_id = admin
2021/04/08 09:11:17.252  [I]  [ListenMessage] Start listen message websocket
2021/04/08 09:35:42.092  [I]  [ListenMessage] Start listen message websocket
2021/04/08 09:35:46.062  [I]  [ListenMessage] Start listen message websocket
2021/04/08 09:53:02.003  [I]  [ListenMessage] Start listen message websocket
2021/04/08 09:53:05.921  [I]  [ListenMessage] Start listen message websocket
2021/04/08 09:53:11.114  [I]  [ListenMessage] Start listen message websocket
2021/04/08 09:53:14.888  [I]  [ListenMessage] Start listen message websocket
2021/04/08 09:53:18.561  [I]  [ListenMessage] Start listen message websocket
2021/04/08 09:53:22.335  [I]  [ListenMessage] Start listen message websocket
2021/04/08 09:53:26.205  [I]  [ListenMessage] Start listen message websocket
2021/04/08 09:54:23.506  [I]  [Admin Login] admin login admin_id = admin
2021/04/08 09:57:51.161  [I]  [ListenMessage] Start listen message websocket
2021/04/08 10:00:00.781  [I]  [ListenMessage] Start listen message websocket
2021/04/08 10:00:29.463  [I]  [ListenMessage] Start listen message websocket
2021/04/08 10:01:00.282  [I]  [ListenMessage] Start listen message websocket
2021/04/08 10:01:11.166  [I]  [ListenMessage] Start listen message websocket
2021/04/08 10:01:43.092  [I]  [ListenMessage] Start listen message websocket
2021/04/11 20:01:49.815  [I]  [ListenMessage] Start listen message websocket
2021/04/11 20:03:13.738  [I]  [ListenMessage] Start listen message websocket
2021/04/11 20:15:05.543  [I]  [ListenMessage] Start listen message websocket
2021/04/11 20:15:08.757  [I]  [ListenMessage] Start listen message websocket
2021/04/11 20:15:13.878  [I]  [ListenMessage] Start listen message websocket
2021/04/11 20:15:16.893  [I]  [ListenMessage] Start listen message websocket
2021/04/11 20:15:20.079  [I]  [ListenMessage] Start listen message websocket
